<?xml version="1.0" encoding="UTF-8"?>
<!-- Generated by org.testng.reporters.JUnitReportReporter -->
<testsuite hostname="Eyyups-MacBook-Pro.local" failures="0" tests="6" name="rest.restIntro" time="1.603" errors="0" timestamp="27 Jul 2019 20:11:41 GMT" skipped="5">
  <testcase classname="rest.restIntro" name="testJSON" time="1.603"/>
  <testcase classname="rest.restIntro" name="test_ResponseHeaderData_ShouldBeCorrect">
    <skipped/>
  </testcase> <!-- test_ResponseHeaderData_ShouldBeCorrect -->
  <testcase classname="rest.restIntro" name="test_ScenarioRetrieveFirstCircuitFor2017SeasonAndGetCountry_ShouldBeAustralia">
    <skipped/>
  </testcase> <!-- test_ScenarioRetrieveFirstCircuitFor2017SeasonAndGetCountry_ShouldBeAustralia -->
  <testcase classname="rest.restIntro" name="test_NumberOfCircuits_ShouldBe20_Parameterized">
    <skipped/>
  </testcase> <!-- test_NumberOfCircuits_ShouldBe20_Parameterized -->
  <testcase classname="rest.restIntro" name="test_NumberOfCircuitsFor2017Season_ShouldBe20">
    <skipped/>
  </testcase> <!-- test_NumberOfCircuitsFor2017Season_ShouldBe20 -->
  <testcase classname="rest.restIntro" name="test_NumberOfCircuits_ShouldBe20_UsingResponseSpec">
    <skipped/>
  </testcase> <!-- test_NumberOfCircuits_ShouldBe20_UsingResponseSpec -->
</testsuite> <!-- rest.restIntro -->
